

Version:	3.9
CmdLine:	D:\JP\NexTex\NexTex.exe --l4j-debug
WOW64:		yes
Working dir:	D:\JP\NexTex\.
64-bit search:	SOFTWARE\JavaSoft\Java Runtime Environment...
32-bit search:	SOFTWARE\JavaSoft\Java Runtime Environment...
Check:		SOFTWARE\JavaSoft\Java Runtime Environment\1.8
Check launcher:	C:\Program Files (x86)\Java\jre1.8.0_121\bin\javaw.exe (OK)
Match:		1.8
Check:		SOFTWARE\JavaSoft\Java Runtime Environment\1.8.0_121
Check launcher:	C:\Program Files (x86)\Java\jre1.8.0_121\bin\javaw.exe (OK)
Match:		1.8.0_121
64-bit search:	SOFTWARE\JavaSoft\Java Development Kit...
Check:		SOFTWARE\JavaSoft\Java Development Kit\1.7
Ignore:		1.7
Check:		SOFTWARE\JavaSoft\Java Development Kit\1.7.0_80
Ignore:		1.7.0_080
Check:		SOFTWARE\JavaSoft\Java Development Kit\1.8
Ignore:		1.8
Check:		SOFTWARE\JavaSoft\Java Development Kit\1.8.0_112
Ignore:		1.8.0_112
32-bit search:	SOFTWARE\JavaSoft\Java Development Kit...
Runtime used:	1.8.0_121 (32-bit)
Launcher:	C:\Program Files (x86)\Java\jre1.8.0_121\bin\javaw.exe
Launcher args:	-jar "D:\JP\NexTex\NexTex.exe"
Args length:	30/32768 chars
Exit code:	0


Version:	3.9
CmdLine:	D:\JP\NexTex\NexTex.exe --l4j-debug
WOW64:		yes
Working dir:	D:\JP\NexTex\.
64-bit search:	SOFTWARE\JavaSoft\Java Runtime Environment...
32-bit search:	SOFTWARE\JavaSoft\Java Runtime Environment...
Check:		SOFTWARE\JavaSoft\Java Runtime Environment\1.8
Check launcher:	C:\Program Files (x86)\Java\jre1.8.0_121\bin\javaw.exe (OK)
Match:		1.8
Check:		SOFTWARE\JavaSoft\Java Runtime Environment\1.8.0_121
Check launcher:	C:\Program Files (x86)\Java\jre1.8.0_121\bin\javaw.exe (OK)
Match:		1.8.0_121
64-bit search:	SOFTWARE\JavaSoft\Java Development Kit...
Check:		SOFTWARE\JavaSoft\Java Development Kit\1.7
Ignore:		1.7
Check:		SOFTWARE\JavaSoft\Java Development Kit\1.7.0_80
Ignore:		1.7.0_080
Check:		SOFTWARE\JavaSoft\Java Development Kit\1.8
Ignore:		1.8
Check:		SOFTWARE\JavaSoft\Java Development Kit\1.8.0_112
Ignore:		1.8.0_112
32-bit search:	SOFTWARE\JavaSoft\Java Development Kit...
Runtime used:	1.8.0_121 (32-bit)
Launcher:	C:\Program Files (x86)\Java\jre1.8.0_121\bin\javaw.exe
Launcher args:	-jar "D:\JP\NexTex\NexTex.exe"
Args length:	30/32768 chars
Exit code:	0
